2024-05-15T11:33:42.343Z - Received callback data: register
2024-05-15T11:34:21.674Z - Received callback data: register
2024-05-15T11:40:30.034Z - Received callback data: register
2024-05-15T11:48:52.509Z - Received callback data: register
2024-05-15T11:50:08.105Z - Received callback data: register
2024-05-15T11:50:33.788Z - Received callback data: register
2024-05-15T11:56:09.573Z - Received callback data: register
2024-05-16T13:39:28.676Z - Received callback data: register
2024-05-16T14:11:38.286Z - Received callback data: register
2024-05-16T14:23:40.983Z - Received callback data: register
2024-05-16T14:24:19.692Z - Received callback data: daily_goal
2024-05-16T14:24:24.709Z - Received callback data: weekly_goal
2024-05-16T14:24:27.287Z - Received callback data: monthly_goal
2024-05-16T16:19:17.934Z - Received callback data: register
2024-05-16T16:19:36.558Z - Received callback data: daily_goal
2024-05-16T20:05:10.230Z - Received callback data: register
2024-05-16T20:07:39.219Z - Received callback data: daily_goal
2024-06-10T13:36:58.124Z - Connected to Google Sheets API
2024-06-10T13:55:27.501Z - Connected to Google Sheets API
2024-06-10T14:24:05.432Z - Connected to Google Sheets API
2024-06-10T14:36:55.323Z - Connected to Google Sheets API
2024-06-10T14:37:38.207Z - Connected to Google Sheets API
2024-06-10T14:40:39.467Z - Connected to Google Sheets API
2024-06-10T14:44:52.753Z - Connected to Google Sheets API
2024-06-10T14:48:47.123Z - Connected to Google Sheets API
2024-06-10T14:53:23.781Z - Connected to Google Sheets API
2024-06-10T14:56:47.708Z - Connected to Google Sheets API
2024-06-10T14:58:47.073Z - Connected to Google Sheets API
2024-06-10T15:03:17.874Z - Connected to Google Sheets API
2024-06-10T15:04:30.068Z - Connected to Google Sheets API
2024-06-10T15:07:01.149Z - Connected to Google Sheets API
2024-06-10T15:54:07.511Z - Connected to Google Sheets API
2024-06-10T15:57:01.224Z - Connected to Google Sheets API
2024-06-10T15:59:17.825Z - Connected to Google Sheets API
2024-06-10T16:02:07.695Z - Connected to Google Sheets API
2024-06-10T16:20:17.624Z - Connected to Google Sheets API
2024-06-10T16:21:30.218Z - Connected to Google Sheets API
2024-06-10T16:25:05.828Z - Connected to Google Sheets API
2024-06-10T16:26:32.967Z - Connected to Google Sheets API
2024-06-10T16:28:04.039Z - Connected to Google Sheets API
